<?xml version="1.0" encoding="UTF-8"?>
<testsuites tests="2" failures="0" disabled="0" errors="0" time="0." timestamp="2025-03-23T15:20:03.127" name="AllTests">
  <testsuite name="MyTest" tests="2" failures="0" disabled="0" skipped="0" errors="0" time="0." timestamp="2025-03-23T15:20:03.128">
    <testcase name="Test1" file="test_example.cpp" line="3" status="run" result="completed" time="0." timestamp="2025-03-23T15:20:03.128" classname="MyTest" />
    <testcase name="Test2" file="test_example.cpp" line="7" status="run" result="completed" time="0." timestamp="2025-03-23T15:20:03.128" classname="MyTest" />
  </testsuite>
</testsuites>
